2024-11-13 15:21:50,232 INFO [main] h.j.p.m.Main [Main.java:18] Application started!
2024-11-13 15:45:37,673 INFO [main] h.j.p.m.Main [Main.java:18] Application started!
2024-11-13 15:45:56,767 INFO [main] h.j.p.m.Main [Main.java:18] Application started!
2024-11-13 15:46:10,263 ERROR [main] h.j.u.DataInputUtils [DataInputUtils.java:33] Invalid input, please enter a valid integer for category index.
2024-11-13 15:46:14,779 ERROR [main] h.j.u.DataInputUtils [DataInputUtils.java:28] Invalid input, please enter a valid integer for category index.
2024-11-14 11:29:39,797 INFO [main] h.j.p.m.Main [Main.java:18] Application started!
2024-11-14 11:30:07,556 ERROR [main] h.j.r.m.Ingredient [Ingredient.java:78] Ingredient with the name d already exists.
2024-11-14 11:30:31,729 ERROR [main] h.j.r.m.MeatDish [MeatDish.java:78] Unreal price 1
2024-11-14 11:30:34,567 ERROR [main] h.j.r.m.MeatDish [MeatDish.java:78] Unreal price 2
2024-11-14 11:30:59,530 ERROR [main] h.j.r.m.MeatDish [MeatDish.java:78] Unreal price 1502
2024-11-14 11:31:58,982 ERROR [main] h.j.u.InputValidator [InputValidator.java:68] Invalid input, please enter true or false.
2024-11-14 11:32:37,823 ERROR [main] h.j.u.DataInputUtils [DataInputUtils.java:46] Invalid input, please enter a valid integer for category index.
2024-11-14 11:33:30,100 ERROR [main] h.j.r.m.Contract [Contract.java:81] Unreal salary 20
2024-11-14 11:33:31,533 ERROR [main] h.j.r.m.Contract [Contract.java:81] Unreal salary 200
2024-11-14 11:42:34,489 INFO [main] h.j.p.m.Main [Main.java:15] Starting application...
2024-11-14 11:44:15,972 ERROR [main] h.j.r.m.Category [Category.java:78] Category with name a already exists.
2024-11-14 11:49:19,434 INFO [main] h.j.p.m.Main [Main.java:15] Starting application...
2024-11-14 11:51:41,301 ERROR [main] h.j.u.InputValidator [InputValidator.java:51] Invalid input, please enter a valid kcal.
2024-11-14 11:52:41,036 ERROR [main] h.j.r.m.Contract [Contract.java:81] Unreal salary 20
2024-11-14 11:53:03,575 ERROR [main] h.j.r.m.Chef [Chef.java:101] Unreal bonus 2
2024-11-14 11:54:22,175 ERROR [main] h.j.r.m.Deliverer [Deliverer.java:101] Unreal bonus 4204
